<?xml version="1.0" encoding="UTF-8"?>
<!-- Generated by org.testng.reporters.JUnitXMLReporter -->
<testsuite hostname="VAIO" ignored="0" name="Command line test" tests="2" failures="0" timestamp="24 Jul 2019 12:57:29 GMT" time="1.056" errors="0">
  <testcase name="@BeforeClass setup" time="0.0" classname="com.archs.testCases.TestBase">
    <failure type="org.testng.TestNGException" message="
Parameter &amp;apos;browser&amp;apos; is required by BeforeClass on method setup but has not been marked @Optional or defined
">
      <![CDATA[org.testng.TestNGException: 
Parameter 'browser' is required by BeforeClass on method setup but has not been marked @Optional or defined

... Removed 33 stack frames]]>
    </failure>
  </testcase> <!-- @BeforeClass setup -->
  <testcase name="@AfterClass tearDown" time="0.0" classname="com.archs.testCases.TestBase">
    <skipped/>
  </testcase> <!-- @AfterClass tearDown -->
  <testcase name="@BeforeClass setup" time="0.0" classname="com.archs.testCases.TestBase">
    <failure type="org.testng.TestNGException" message="
Parameter &amp;apos;browser&amp;apos; is required by BeforeClass on method setup but has not been marked @Optional or defined
">
      <![CDATA[org.testng.TestNGException: 
Parameter 'browser' is required by BeforeClass on method setup but has not been marked @Optional or defined

... Removed 33 stack frames]]>
    </failure>
  </testcase> <!-- @BeforeClass setup -->
  <testcase name="@AfterClass tearDown" time="0.0" classname="com.archs.testCases.TestBase">
    <skipped/>
  </testcase> <!-- @AfterClass tearDown -->
  <testcase name="HSLoginPageTest" time="0.0" classname="com.archs.testCases.HospitalSalesLoginPageTest">
    <skipped/>
  </testcase> <!-- HSLoginPageTest -->
  <testcase name="SingleHSEndToEndTest" time="0.0" classname="com.archs.testCases.SingleHospitalSalesEndToEndTest">
    <skipped/>
  </testcase> <!-- SingleHSEndToEndTest -->
</testsuite> <!-- Command line test -->
