<?xml version="1.0" encoding="UTF-8"?>
<!-- Generated by org.testng.reporters.JUnitXMLReporter -->
<testsuite hostname="VAIO" ignored="0" name="HospitalSales Test" tests="1" failures="1" timestamp="04 Nov 2019 10:45:34 GMT" time="181.227" errors="0">
  <testcase name="SingleHSPriceListAndCATDetailsTabValidationTest" time="129.862" classname="com.archs.testCases.SingleHospitalSalesPriceListAndContractDetailsTabValidationTest">
    <failure type="org.openqa.selenium.ElementClickInterceptedException" message="element click intercepted: Element &amp;lt;a data-aura-rendered-by=&amp;quot;1099:0&amp;quot; href=&amp;quot;javascript:void(0);&amp;quot; role=&amp;quot;menuitem&amp;quot; aria-disabled=&amp;quot;false&amp;quot; tabindex=&amp;quot;0&amp;quot; title=&amp;quot;Approve&amp;quot;&amp;gt;...&amp;lt;/a&amp;gt; is not clickable at point (1316, 277). Other element would receive the click: &amp;lt;one-record-home-flexipage2 data-aura-rendered-by=&amp;quot;752:0&amp;quot; one-recordhomeflexipage2_recordhomeflexipage2-host=&amp;quot;&amp;quot;&amp;gt;&amp;lt;/one-record-home-flexipage2&amp;gt;
  (Session info: chrome=77.0.3865.90)
Build info: version: &amp;apos;3.14.0&amp;apos;, revision: &amp;apos;aacccce0&amp;apos;, time: &amp;apos;2018-08-02T20:19:58.91Z&amp;apos;
System info: host: &amp;apos;VAIO&amp;apos;, ip: &amp;apos;10.0.0.198&amp;apos;, os.name: &amp;apos;Windows 8.1&amp;apos;, os.arch: &amp;apos;amd64&amp;apos;, os.version: &amp;apos;6.3&amp;apos;, java.version: &amp;apos;1.8.0_191&amp;apos;
Driver info: org.openqa.selenium.chrome.ChromeDriver
Capabilities {acceptInsecureCerts: false, browserName: chrome, browserVersion: 77.0.3865.90, chrome: {chromedriverVersion: 76.0.3809.68 (420c9498db8ce..., userDataDir: C:\Users\Dwaraka\AppData\Lo...}, goog:chromeOptions: {debuggerAddress: localhost:53867}, javascriptEnabled: true, networkConnectionEnabled: false, pageLoadStrategy: normal, platform: XP, platformName: XP, proxy: Proxy(), setWindowRect: true, strictFileInteractability: false, timeouts: {implicit: 0, pageLoad: 300000, script: 30000}, unhandledPromptBehavior: dismiss and notify}
Session ID: 7febf46219853971f6fc5f68184b237b">
      <![CDATA[org.openqa.selenium.ElementClickInterceptedException: element click intercepted: Element <a data-aura-rendered-by="1099:0" href="javascript:void(0);" role="menuitem" aria-disabled="false" tabindex="0" title="Approve">...</a> is not clickable at point (1316, 277). Other element would receive the click: <one-record-home-flexipage2 data-aura-rendered-by="752:0" one-recordhomeflexipage2_recordhomeflexipage2-host=""></one-record-home-flexipage2>
  (Session info: chrome=77.0.3865.90)
Build info: version: '3.14.0', revision: 'aacccce0', time: '2018-08-02T20:19:58.91Z'
System info: host: 'VAIO', ip: '10.0.0.198', os.name: 'Windows 8.1', os.arch: 'amd64', os.version: '6.3', java.version: '1.8.0_191'
Driver info: org.openqa.selenium.chrome.ChromeDriver
Capabilities {acceptInsecureCerts: false, browserName: chrome, browserVersion: 77.0.3865.90, chrome: {chromedriverVersion: 76.0.3809.68 (420c9498db8ce..., userDataDir: C:\Users\Dwaraka\AppData\Lo...}, goog:chromeOptions: {debuggerAddress: localhost:53867}, javascriptEnabled: true, networkConnectionEnabled: false, pageLoadStrategy: normal, platform: XP, platformName: XP, proxy: Proxy(), setWindowRect: true, strictFileInteractability: false, timeouts: {implicit: 0, pageLoad: 300000, script: 30000}, unhandledPromptBehavior: dismiss and notify}
Session ID: 7febf46219853971f6fc5f68184b237b
at org.openqa.selenium.remote.http.W3CHttpResponseCodec.createException(W3CHttpResponseCodec.java:187)
at org.openqa.selenium.remote.http.W3CHttpResponseCodec.decode(W3CHttpResponseCodec.java:122)
at org.openqa.selenium.remote.http.W3CHttpResponseCodec.decode(W3CHttpResponseCodec.java:49)
at org.openqa.selenium.remote.HttpCommandExecutor.execute(HttpCommandExecutor.java:158)
at org.openqa.selenium.remote.service.DriverCommandExecutor.execute(DriverCommandExecutor.java:83)
at org.openqa.selenium.remote.RemoteWebDriver.execute(RemoteWebDriver.java:548)
at org.openqa.selenium.remote.RemoteWebElement.execute(RemoteWebElement.java:276)
at org.openqa.selenium.remote.RemoteWebElement.click(RemoteWebElement.java:83)
at org.openqa.selenium.support.pagefactory.internal.LocatingElementHandler.invoke(LocatingElementHandler.java:51)
at com.sun.proxy.$Proxy11.click(Unknown Source)
at com.archs.pageObjects.HospitalSalesContractAssessmentPage.clickOnApproveLink(HospitalSalesContractAssessmentPage.java:299)
at com.archs.testCases.SingleHospitalSalesPriceListAndContractDetailsTabValidationTest.SingleHSPriceListAndCATDetailsTabValidationTest(SingleHospitalSalesPriceListAndContractDetailsTabValidationTest.java:125)
... Removed 33 stack frames]]>
    </failure>
  </testcase> <!-- SingleHSPriceListAndCATDetailsTabValidationTest -->
</testsuite> <!-- HospitalSales Test -->
