<?xml version="1.0" encoding="UTF-8"?>
<!-- Generated by org.testng.reporters.JUnitReportReporter -->
<testsuite skipped="0" hostname="VAIO" name="com.archs.testCases.SingleHospitalSalesEndToEndTest" tests="1" failures="0" timestamp="15 Oct 2019 12:55:46 GMT" time="206.868" errors="1">
  <testcase name="SingleHSEndToEndTest" time="206.868" classname="com.archs.testCases.SingleHospitalSalesEndToEndTest">
    <error type="org.openqa.selenium.NoSuchElementException" message="no such element: Unable to locate element: {&quot;method&quot;:&quot;css selector&quot;,&quot;selector&quot;:&quot;#brandBand_1 &gt; div &gt; div.center.oneCenterStage.lafSinglePaneWindowManager &gt; div.windowViewMode-normal.oneContent.active.lafPageHost &gt; div &gt; div.slds-page-header.cPricelist &gt; ul:nth-child(3) &gt; div &gt; div:nth-child(2) &gt; div:nth-child(1) &gt; div.slds-m-vertical_x-small.slds-border_top.slds-border_right.slds-border_bottom.slds-border_left.slds-table--header-fixed_container &gt; div &gt; table &gt; tr:nth-child(2) &gt; td:nth-child(5) &gt; div &gt; lightning-input &gt; div &gt; input&quot;}
  (Session info: chrome=77.0.3865.90)
For documentation on this error, please visit: http://seleniumhq.org/exceptions/no_such_element.html
Build info: version: &#039;3.14.0&#039;, revision: &#039;aacccce0&#039;, time: &#039;2018-08-02T20:19:58.91Z&#039;
System info: host: &#039;VAIO&#039;, ip: &#039;10.0.0.198&#039;, os.name: &#039;Windows 8.1&#039;, os.arch: &#039;amd64&#039;, os.version: &#039;6.3&#039;, java.version: &#039;1.8.0_191&#039;
Driver info: org.openqa.selenium.chrome.ChromeDriver
Capabilities {acceptInsecureCerts: false, browserName: chrome, browserVersion: 77.0.3865.90, chrome: {chromedriverVersion: 76.0.3809.68 (420c9498db8ce..., userDataDir: C:\Users\Dwaraka\AppData\Lo...}, goog:chromeOptions: {debuggerAddress: localhost:64826}, javascriptEnabled: true, networkConnectionEnabled: false, pageLoadStrategy: normal, platform: XP, platformName: XP, proxy: Proxy(), setWindowRect: true, strictFileInteractability: false, timeouts: {implicit: 0, pageLoad: 300000, script: 30000}, unhandledPromptBehavior: dismiss and notify}
Session ID: 7ef5895d16ec5093ae0b7b4835cc461b
*** Element info: {Using=css selector, value=#brandBand_1 &gt; div &gt; div.center.oneCenterStage.lafSinglePaneWindowManager &gt; div.windowViewMode-normal.oneContent.active.lafPageHost &gt; div &gt; div.slds-page-header.cPricelist &gt; ul:nth-child(3) &gt; div &gt; div:nth-child(2) &gt; div:nth-child(1) &gt; div.slds-m-vertical_x-small.slds-border_top.slds-border_right.slds-border_bottom.slds-border_left.slds-table--header-fixed_container &gt; div &gt; table &gt; tr:nth-child(2) &gt; td:nth-child(5) &gt; div &gt; lightning-input &gt; div &gt; input}">
      <![CDATA[org.openqa.selenium.NoSuchElementException: no such element: Unable to locate element: {"method":"css selector","selector":"#brandBand_1 > div > div.center.oneCenterStage.lafSinglePaneWindowManager > div.windowViewMode-normal.oneContent.active.lafPageHost > div > div.slds-page-header.cPricelist > ul:nth-child(3) > div > div:nth-child(2) > div:nth-child(1) > div.slds-m-vertical_x-small.slds-border_top.slds-border_right.slds-border_bottom.slds-border_left.slds-table--header-fixed_container > div > table > tr:nth-child(2) > td:nth-child(5) > div > lightning-input > div > input"}
  (Session info: chrome=77.0.3865.90)
For documentation on this error, please visit: http://seleniumhq.org/exceptions/no_such_element.html
Build info: version: '3.14.0', revision: 'aacccce0', time: '2018-08-02T20:19:58.91Z'
System info: host: 'VAIO', ip: '10.0.0.198', os.name: 'Windows 8.1', os.arch: 'amd64', os.version: '6.3', java.version: '1.8.0_191'
Driver info: org.openqa.selenium.chrome.ChromeDriver
Capabilities {acceptInsecureCerts: false, browserName: chrome, browserVersion: 77.0.3865.90, chrome: {chromedriverVersion: 76.0.3809.68 (420c9498db8ce..., userDataDir: C:\Users\Dwaraka\AppData\Lo...}, goog:chromeOptions: {debuggerAddress: localhost:64826}, javascriptEnabled: true, networkConnectionEnabled: false, pageLoadStrategy: normal, platform: XP, platformName: XP, proxy: Proxy(), setWindowRect: true, strictFileInteractability: false, timeouts: {implicit: 0, pageLoad: 300000, script: 30000}, unhandledPromptBehavior: dismiss and notify}
Session ID: 7ef5895d16ec5093ae0b7b4835cc461b
*** Element info: {Using=css selector, value=#brandBand_1 > div > div.center.oneCenterStage.lafSinglePaneWindowManager > div.windowViewMode-normal.oneContent.active.lafPageHost > div > div.slds-page-header.cPricelist > ul:nth-child(3) > div > div:nth-child(2) > div:nth-child(1) > div.slds-m-vertical_x-small.slds-border_top.slds-border_right.slds-border_bottom.slds-border_left.slds-table--header-fixed_container > div > table > tr:nth-child(2) > td:nth-child(5) > div > lightning-input > div > input}
at sun.reflect.NativeConstructorAccessorImpl.newInstance0(Native Method)
at sun.reflect.NativeConstructorAccessorImpl.newInstance(NativeConstructorAccessorImpl.java:62)
at sun.reflect.DelegatingConstructorAccessorImpl.newInstance(DelegatingConstructorAccessorImpl.java:45)
at java.lang.reflect.Constructor.newInstance(Constructor.java:423)
at org.openqa.selenium.remote.http.W3CHttpResponseCodec.createException(W3CHttpResponseCodec.java:187)
at org.openqa.selenium.remote.http.W3CHttpResponseCodec.decode(W3CHttpResponseCodec.java:122)
at org.openqa.selenium.remote.http.W3CHttpResponseCodec.decode(W3CHttpResponseCodec.java:49)
at org.openqa.selenium.remote.HttpCommandExecutor.execute(HttpCommandExecutor.java:158)
at org.openqa.selenium.remote.service.DriverCommandExecutor.execute(DriverCommandExecutor.java:83)
at org.openqa.selenium.remote.RemoteWebDriver.execute(RemoteWebDriver.java:548)
at org.openqa.selenium.remote.RemoteWebDriver.findElement(RemoteWebDriver.java:322)
at org.openqa.selenium.remote.RemoteWebDriver.findElementByCssSelector(RemoteWebDriver.java:416)
at org.openqa.selenium.By$ByCssSelector.findElement(By.java:431)
at org.openqa.selenium.remote.RemoteWebDriver.findElement(RemoteWebDriver.java:314)
at com.archs.pageObjects.HospitalSalesPriceListPage.setDeglycedFeePrice(HospitalSalesPriceListPage.java:542)
at com.archs.testCases.SingleHospitalSalesEndToEndTest.SingleHSEndToEndTest(SingleHospitalSalesEndToEndTest.java:162)
at sun.reflect.NativeMethodAccessorImpl.invoke0(Native Method)
at sun.reflect.NativeMethodAccessorImpl.invoke(NativeMethodAccessorImpl.java:62)
at sun.reflect.DelegatingMethodAccessorImpl.invoke(DelegatingMethodAccessorImpl.java:43)
at java.lang.reflect.Method.invoke(Method.java:498)
at org.testng.internal.MethodInvocationHelper.invokeMethod(MethodInvocationHelper.java:124)
at org.testng.internal.Invoker.invokeMethod(Invoker.java:583)
at org.testng.internal.Invoker.invokeTestMethod(Invoker.java:719)
at org.testng.internal.Invoker.invokeTestMethods(Invoker.java:989)
at org.testng.internal.TestMethodWorker.invokeTestMethods(TestMethodWorker.java:125)
at org.testng.internal.TestMethodWorker.run(TestMethodWorker.java:109)
at org.testng.TestRunner.privateRun(TestRunner.java:648)
at org.testng.TestRunner.run(TestRunner.java:505)
at org.testng.SuiteRunner.runTest(SuiteRunner.java:455)
at org.testng.SuiteRunner.runSequentially(SuiteRunner.java:450)
at org.testng.SuiteRunner.privateRun(SuiteRunner.java:415)
at org.testng.SuiteRunner.run(SuiteRunner.java:364)
at org.testng.SuiteRunnerWorker.runSuite(SuiteRunnerWorker.java:52)
at org.testng.SuiteRunnerWorker.run(SuiteRunnerWorker.java:84)
at org.testng.TestNG.runSuitesSequentially(TestNG.java:1208)
at org.testng.TestNG.runSuitesLocally(TestNG.java:1137)
at org.testng.TestNG.runSuites(TestNG.java:1049)
at org.testng.TestNG.run(TestNG.java:1017)
at org.testng.remote.AbstractRemoteTestNG.run(AbstractRemoteTestNG.java:114)
at org.testng.remote.RemoteTestNG.initAndRun(RemoteTestNG.java:251)
at org.testng.remote.RemoteTestNG.main(RemoteTestNG.java:77)
]]>
    </error>
  </testcase> <!-- SingleHSEndToEndTest -->
</testsuite> <!-- com.archs.testCases.SingleHospitalSalesEndToEndTest -->
